2026-02-19 08:18:19: ▲ Next.js 16.1.6
2026-02-19 08:18:19: - Local:         http://localhost:3020
2026-02-19 08:18:19: - Network:       http://192.168.1.210:3020
2026-02-19 08:18:19: 
2026-02-19 08:18:19: ✓ Starting...
2026-02-19 08:18:19: ✓ Ready in 581ms
2026-02-19 15:21:38: ▲ Next.js 16.1.6
2026-02-19 15:21:38: - Local:         http://localhost:3020
2026-02-19 15:21:38: - Network:       http://192.168.1.214:3020
2026-02-19 15:21:38: 
2026-02-19 15:21:38: ✓ Starting...
2026-02-19 15:21:38: ✓ Ready in 274ms
2026-02-19 15:55:13: ▲ Next.js 16.1.6
2026-02-19 15:55:13: - Local:         http://localhost:3020
2026-02-19 15:55:13: - Network:       http://192.168.1.214:3020
2026-02-19 15:55:13: 
2026-02-19 15:55:13: ✓ Starting...
2026-02-19 15:55:13: ✓ Ready in 197ms
2026-02-19 16:17:42: ▲ Next.js 16.1.6
2026-02-19 16:17:42: - Local:         http://localhost:3020
2026-02-19 16:17:42: - Network:       http://192.168.1.214:3020
2026-02-19 16:17:42: 
2026-02-19 16:17:42: ✓ Starting...
2026-02-19 16:17:42: ✓ Ready in 365ms
2026-02-19 16:20:17: ▲ Next.js 16.1.6
2026-02-19 16:20:17: - Local:         http://localhost:3020
2026-02-19 16:20:17: - Network:       http://192.168.1.214:3020
2026-02-19 16:20:17: 
2026-02-19 16:20:17: ✓ Starting...
2026-02-19 16:20:17: ✓ Ready in 199ms
2026-02-20 08:41:57: ▲ Next.js 16.1.6
2026-02-20 08:41:57: - Local:         http://localhost:3020
2026-02-20 08:41:57: - Network:       http://192.168.1.210:3020
2026-02-20 08:41:57: 
2026-02-20 08:41:57: ✓ Starting...
2026-02-20 08:41:58: ✓ Ready in 1365ms
2026-02-23 16:46:27: ▲ Next.js 16.1.6
2026-02-23 16:46:27: - Local:         http://localhost:3020
2026-02-23 16:46:27: - Network:       http://192.168.1.214:3020
2026-02-23 16:46:27: 
2026-02-23 16:46:27: ✓ Starting...
2026-02-23 16:46:28: ✓ Ready in 1195ms
2026-03-04 18:59:12: ▲ Next.js 16.1.6
2026-03-04 18:59:12: - Local:         http://localhost:3020
2026-03-04 18:59:12: - Network:       http://192.168.1.214:3020
2026-03-04 18:59:12: 
2026-03-04 18:59:12: ✓ Starting...
2026-03-04 18:59:14: ✓ Ready in 2.2s
2026-03-15 16:00:38: ▲ Next.js 16.1.6
2026-03-15 16:00:38: - Local:         http://localhost:3020
2026-03-15 16:00:38: - Network:       http://192.168.1.214:3020
2026-03-15 16:00:38: 
2026-03-15 16:00:38: ✓ Starting...
2026-03-15 16:00:38: ✓ Ready in 250ms
2026-03-15 16:23:49: ▲ Next.js 16.1.6
2026-03-15 16:23:49: - Local:         http://localhost:3020
2026-03-15 16:23:49: - Network:       http://192.168.1.214:3020
2026-03-15 16:23:49: 
2026-03-15 16:23:49: ✓ Starting...
2026-03-15 16:23:49: ✓ Ready in 223ms
2026-03-15 16:28:39: ▲ Next.js 16.1.6
2026-03-15 16:28:39: - Local:         http://localhost:3020
2026-03-15 16:28:39: - Network:       http://192.168.1.214:3020
2026-03-15 16:28:39: 
2026-03-15 16:28:39: ✓ Starting...
2026-03-15 16:28:39: ✓ Ready in 213ms
2026-03-15 17:09:28: ▲ Next.js 16.1.6
2026-03-15 17:09:28: - Local:         http://localhost:3020
2026-03-15 17:09:28: - Network:       http://192.168.1.214:3020
2026-03-15 17:09:28: 
2026-03-15 17:09:28: ✓ Starting...
2026-03-15 17:09:28: ✓ Ready in 210ms
2026-03-16 09:04:50: ▲ Next.js 16.1.6
2026-03-16 09:04:50: - Local:         http://localhost:3020
2026-03-16 09:04:50: - Network:       http://192.168.1.214:3020
2026-03-16 09:04:50: 
2026-03-16 09:04:50: ✓ Starting...
2026-03-16 09:04:50: ✓ Ready in 212ms
2026-03-16 09:22:49: ▲ Next.js 16.1.6
2026-03-16 09:22:49: - Local:         http://localhost:3020
2026-03-16 09:22:49: - Network:       http://192.168.1.214:3020
2026-03-16 09:22:49: 
2026-03-16 09:22:49: ✓ Starting...
2026-03-16 09:22:49: ✓ Ready in 204ms
2026-03-16 12:07:13: ▲ Next.js 16.1.6
2026-03-16 12:07:13: - Local:         http://localhost:3020
2026-03-16 12:07:13: - Network:       http://192.168.1.214:3020
2026-03-16 12:07:13: 
2026-03-16 12:07:13: ✓ Starting...
2026-03-16 12:07:13: ✓ Ready in 208ms
2026-03-17 17:57:33: ▲ Next.js 16.1.6
2026-03-17 17:57:33: - Local:         http://localhost:3020
2026-03-17 17:57:33: - Network:       http://192.168.1.214:3020
2026-03-17 17:57:33: 
2026-03-17 17:57:33: ✓ Starting...
2026-03-17 17:57:36: ✓ Ready in 4s
2026-03-18 17:57:22: ▲ Next.js 16.1.6
2026-03-18 17:57:22: - Local:         http://localhost:3020
2026-03-18 17:57:22: 
2026-03-18 17:57:22: ✓ Starting...
2026-03-18 17:57:23: ✓ Ready in 2.3s
2026-03-21 12:20:23: ▲ Next.js 16.1.6
2026-03-21 12:20:23: - Local:         http://localhost:3020
2026-03-21 12:20:23: - Network:       http://192.168.1.210:3020
2026-03-21 12:20:23: 
2026-03-21 12:20:23: ✓ Starting...
2026-03-21 12:20:23: ✓ Ready in 224ms
